[debug] [2025-05-01T05:04:08.623Z] ----------------------------------------------------------------------
[debug] [2025-05-01T05:04:08.627Z] Command:       C:\Program Files\nodejs\node.exe C:\Users\kawpe\AppData\Roaming\npm\node_modules\firebase-tools\lib\bin\firebase.js init
[debug] [2025-05-01T05:04:08.628Z] CLI Version:   14.2.2
[debug] [2025-05-01T05:04:08.628Z] Platform:      win32
[debug] [2025-05-01T05:04:08.628Z] Node Version:  v22.14.0
[debug] [2025-05-01T05:04:08.628Z] Time:          Thu May 01 2025 15:04:08 GMT+1000 (Australian Eastern Standard Time)
[debug] [2025-05-01T05:04:08.628Z] ----------------------------------------------------------------------
[debug] 
[debug] [2025-05-01T05:04:08.813Z] > command requires scopes: ["email","openid","https://www.googleapis.com/auth/cloudplatformprojects.readonly","https://www.googleapis.com/auth/firebase","https://www.googleapis.com/auth/cloud-platform"]
[debug] [2025-05-01T05:04:08.813Z] > authorizing via signed-in user (kapilpandey103@gmail.com)
[info] 
     ######## #### ########  ######## ########     ###     ######  ########
     ##        ##  ##     ## ##       ##     ##  ##   ##  ##       ##
     ######    ##  ########  ######   ########  #########  ######  ######
     ##        ##  ##    ##  ##       ##     ## ##     ##       ## ##
     ##       #### ##     ## ######## ########  ##     ##  ######  ########

You're about to initialize a Firebase project in this directory:

  C:\Users\kawpe\AndroidStudioProjects\GenAIExpenseTracker

Before we get started, keep in mind:

  * You are initializing within an existing Firebase project directory

